Using pre-set license
Built from '2020.3/staging' branch; Version is '2020.3.28f1 (f5400f52e03f) revision 16072719'; Using compiler version '192528614'; Build Type 'Release'
OS: 'Windows 10  (10.0.19043) 64bit Core' Language: 'en' Physical Memory: 65466 MB
BatchMode: 1, IsHumanControllingUs: 0, StartBugReporterOnCrash: 0, Is64bit: 1, IsPro: 0

COMMAND LINE ARGUMENTS:
C:\Users\ryana\Documents\Unity Games\2020.3.28f1\Editor\Unity.exe
-adb2
-batchMode
-noUpm
-name
AssetImportWorker0
-projectPath
C:/Users/ryana/Documents/GitHub/glock/glock
-logFile
Logs/AssetImportWorker0.log
-srvPort
58189
Successfully changed project path to: C:/Users/ryana/Documents/GitHub/glock/glock
C:/Users/ryana/Documents/GitHub/glock/glock
Using Asset Import Pipeline V2.
Refreshing native plugins compatible for Editor in 25.94 ms, found 0 plugins.
Preloading 0 native plugins for Editor in 0.00 ms.
Initialize engine version: 2020.3.28f1 (f5400f52e03f)
[Subsystems] Discovering subsystems at path C:/Users/ryana/Documents/Unity Games/2020.3.28f1/Editor/Data/Resources/UnitySubsystems
[Subsystems] Discovering subsystems at path C:/Users/ryana/Documents/GitHub/glock/glock/Assets
GfxDevice: creating device client; threaded=0
Direct3D:
    Version:  Direct3D 11.0 [level 11.1]
    Renderer: NVIDIA GeForce GTX 1080 (ID=0x1b80)
    Vendor:   
    VRAM:     8079 MB
    Driver:   30.0.14.9729
Initialize mono
Mono path[0] = 'C:/Users/ryana/Documents/Unity Games/2020.3.28f1/Editor/Data/Managed'
Mono path[1] = 'C:/Users/ryana/Documents/Unity Games/2020.3.28f1/Editor/Data/MonoBleedingEdge/lib/mono/unityjit'
Mono config path = 'C:/Users/ryana/Documents/Unity Games/2020.3.28f1/Editor/Data/MonoBleedingEdge/etc'
Using monoOptions --debugger-agent=transport=dt_socket,embedding=1,server=y,suspend=n,address=127.0.0.1:56176
Begin MonoManager ReloadAssembly
Registering precompiled unity dll's ...
Register platform support module: C:/Users/ryana/Documents/Unity Games/2020.3.28f1/Editor/Data/PlaybackEngines/WindowsStandaloneSupport/UnityEditor.WindowsStandalone.Extensions.dll
Registered in 0.001916 seconds.
Native extension for WindowsStandalone target not found
Refreshing native plugins compatible for Editor in 25.88 ms, found 0 plugins.
Preloading 0 native plugins for Editor in 0.00 ms.
Mono: successfully reloaded assembly
- Completed reload, in  0.449 seconds
Domain Reload Profiling:
	ReloadAssembly (449ms)
		BeginReloadAssembly (53ms)
			ExecutionOrderSort (0ms)
			DisableScriptedObjects (0ms)
			BackupInstance (0ms)
			ReleaseScriptingObjects (0ms)
			CreateAndSetChildDomain (1ms)
		EndReloadAssembly (338ms)
			LoadAssemblies (51ms)
			RebuildTransferFunctionScriptingTraits (0ms)
			SetupTypeCache (113ms)
			ReleaseScriptCaches (0ms)
			RebuildScriptCaches (23ms)
			SetupLoadedEditorAssemblies (124ms)
				LogAssemblyErrors (0ms)
				InitializePlatformSupportModulesInManaged (3ms)
				SetLoadedEditorAssemblies (0ms)
				RefreshPlugins (26ms)
				BeforeProcessingInitializeOnLoad (10ms)
				ProcessInitializeOnLoadAttributes (63ms)
				ProcessInitializeOnLoadMethodAttributes (21ms)
				AfterProcessingInitializeOnLoad (0ms)
				EditorAssembliesLoaded (0ms)
			ExecutionOrderSort2 (0ms)
			AwakeInstancesAfterBackupRestoration (0ms)
Platform modules already initialized, skipping
Registering precompiled user dll's ...
Registered in 0.004475 seconds.
Begin MonoManager ReloadAssembly
Native extension for WindowsStandalone target not found
Refreshing native plugins compatible for Editor in 0.66 ms, found 0 plugins.
Preloading 0 native plugins for Editor in 0.00 ms.
Mono: successfully reloaded assembly
- Completed reload, in  0.551 seconds
Domain Reload Profiling:
	ReloadAssembly (552ms)
		BeginReloadAssembly (119ms)
			ExecutionOrderSort (0ms)
			DisableScriptedObjects (4ms)
			BackupInstance (0ms)
			ReleaseScriptingObjects (0ms)
			CreateAndSetChildDomain (15ms)
		EndReloadAssembly (385ms)
			LoadAssemblies (42ms)
			RebuildTransferFunctionScriptingTraits (0ms)
			SetupTypeCache (110ms)
			ReleaseScriptCaches (0ms)
			RebuildScriptCaches (21ms)
			SetupLoadedEditorAssemblies (148ms)
				LogAssemblyErrors (0ms)
				InitializePlatformSupportModulesInManaged (3ms)
				SetLoadedEditorAssemblies (0ms)
				RefreshPlugins (1ms)
				BeforeProcessingInitializeOnLoad (71ms)
				ProcessInitializeOnLoadAttributes (62ms)
				ProcessInitializeOnLoadMethodAttributes (3ms)
				AfterProcessingInitializeOnLoad (6ms)
				EditorAssembliesLoaded (0ms)
			ExecutionOrderSort2 (0ms)
			AwakeInstancesAfterBackupRestoration (5ms)
Platform modules already initialized, skipping
========================================================================
Worker process is ready to serve import requests
Launched and connected shader compiler UnityShaderCompiler.exe after 0.06 seconds
Refreshing native plugins compatible for Editor in 0.62 ms, found 0 plugins.
Preloading 0 native plugins for Editor in 0.00 ms.
Unloading 19 Unused Serialized files (Serialized files now loaded: 0)
System memory in use before: 26.7 MB.
System memory in use after: 26.6 MB.

Unloading 2 unused Assets to reduce memory usage. Loaded Objects now: 458.
Total: 2.150700 ms (FindLiveObjects: 0.026700 ms CreateObjectMapping: 0.002900 ms MarkObjects: 2.055900 ms  DeleteObjects: 0.064500 ms)

AssetImportParameters requested are different than current active one (requested -> active):
  custom:framework-win-MediaFoundation: 216162199b28c13a410421893ffa2e32 -> 
  custom:video-decoder-ogg-theora: a1e56fd34408186e4bbccfd4996cb3dc -> 
  custom:container-muxer-webm: aa71ff27fc2769a1b78a27578f13a17b -> 
  custom:container-demuxer-webm: 4f35f7cbe854078d1ac9338744f61a02 -> 
  custom:container-demuxer-ogg: 62fdf1f143b41e24485cea50d1cbac27 -> 
  custom:video-encoder-webm-vp8: eb34c28f22e8b96e1ab97ce403110664 -> 
  custom:video-codec-MediaFoundation-h265: 746d11721c4dcdbdad8f713fa42b33f4 -> 
  custom:video-decoder-webm-vp8: 9c59270c3fd7afecdb556c50c9e8de78 -> 
  custom:audio-decoder-ogg-vorbis: bf7c407c2cedff20999df2af8eb42d56 -> 
  custom:audio-encoder-webm-vorbis: bf7c407c2cedff20999df2af8eb42d56 -> 
========================================================================
Received Import Request.
  path: Assets/Scripts/Ryans Scripts/Scripts/Weapons
  artifactKey: Guid(0d5d54075ea490e48a4f9cb8967e4661) Importer(815301076,1909f56bfc062723c751e8b465ee728b)
Start importing Assets/Scripts/Ryans Scripts/Scripts/Weapons using Guid(0d5d54075ea490e48a4f9cb8967e4661) Importer(815301076,1909f56bfc062723c751e8b465ee728b)  -> (artifact id: '071b021e00bb878c011d546573c5eb8c') in 0.006725 seconds 
  Import took 0.007231 seconds .

========================================================================
Received Import Request.
  Time since last request: 0.000309 seconds.
  path: Assets/Scripts/Ryans Scripts/Scripts
  artifactKey: Guid(3e3173f870c8ec34abf66744a5454b4f) Importer(815301076,1909f56bfc062723c751e8b465ee728b)
Start importing Assets/Scripts/Ryans Scripts/Scripts using Guid(3e3173f870c8ec34abf66744a5454b4f) Importer(815301076,1909f56bfc062723c751e8b465ee728b)  -> (artifact id: '3e229d9183c3cd9ab87c099127efe2b4') in 0.005090 seconds 
  Import took 0.005530 seconds .

========================================================================
Received Import Request.
  Time since last request: 53.414360 seconds.
  path: Assets/Scripts/Ryans Scripts/Scripts/GunStats.cs
  artifactKey: Guid(f6d93f10272be9a4ca9539417ff95599) Importer(815301076,1909f56bfc062723c751e8b465ee728b)
Start importing Assets/Scripts/Ryans Scripts/Scripts/GunStats.cs using Guid(f6d93f10272be9a4ca9539417ff95599) Importer(815301076,1909f56bfc062723c751e8b465ee728b)  -> (artifact id: '287493bf7d91486cf22d8e9fbfe549e2') in 0.038221 seconds 
  Import took 0.038782 seconds .

========================================================================
Received Import Request.
  Time since last request: 45.103440 seconds.
  path: Assets/Scripts/Ryans Scripts
  artifactKey: Guid(18f118a10025477479b0391cc8401257) Importer(815301076,1909f56bfc062723c751e8b465ee728b)
Start importing Assets/Scripts/Ryans Scripts using Guid(18f118a10025477479b0391cc8401257) Importer(815301076,1909f56bfc062723c751e8b465ee728b)  -> (artifact id: '1ed4df2664f8dc4271e2fbc0263d5fea') in 0.006425 seconds 
  Import took 0.006879 seconds .

========================================================================
Received Import Request.
  Time since last request: 6.450114 seconds.
  path: Assets/Scripts/Ryans Scripts/Scripts/Weapons/BurstFire.cs
  artifactKey: Guid(e2d01c83b46f2e2459d04c1e1b315b1d) Importer(815301076,1909f56bfc062723c751e8b465ee728b)
Start importing Assets/Scripts/Ryans Scripts/Scripts/Weapons/BurstFire.cs using Guid(e2d01c83b46f2e2459d04c1e1b315b1d) Importer(815301076,1909f56bfc062723c751e8b465ee728b)  -> (artifact id: 'aba15e69f3afcc1979cb243b54141815') in 0.005262 seconds 
  Import took 0.005717 seconds .

========================================================================
Received Import Request.
  Time since last request: 0.823411 seconds.
  path: Assets/Scripts/Ryans Scripts/Scripts/Weapons/FireMode.cs
  artifactKey: Guid(2ce8d358fd4cc104485c83ba1058662c) Importer(815301076,1909f56bfc062723c751e8b465ee728b)
Start importing Assets/Scripts/Ryans Scripts/Scripts/Weapons/FireMode.cs using Guid(2ce8d358fd4cc104485c83ba1058662c) Importer(815301076,1909f56bfc062723c751e8b465ee728b)  -> (artifact id: 'b31024d079b081b836fc2f249867264d') in 0.005466 seconds 
  Import took 0.005919 seconds .

AssetImportWorkerClient::OnTransportError - code=2 error=End of file
